nohup: 입력 무시
✅ DB 초기화 (backtest_data.db)

📋 종목 리스트 수집...

[거래량 순위]
✅ 한투 토큰 발급
  [코스피] rt=0 | 정상처리 되었습니다. | 30개
  [코스닥(NXT)] rt=0 | 정상처리 되었습니다. | 30개

✅ 총 145개 종목 수집
   거래량순위: 58개 + 핵심종목: 90개

📥 일봉 수집: 2024-01-01 ~ 2026-05-08 | 145개 종목
  ✅ [1/145] 010170(대한광통신) 512일
  ✅ [2/145] 078150(HB테크놀러지) 512일
  ✅ [3/145] 462330(KODEX 2차전지산업레버리지) 512일
  ✅ [4/145] 233740(KODEX 코스닥150레버리지) 512일
  ✅ [5/145] 012860(모베이스전자) 512일
  ✅ [6/145] 090710(휴림로봇) 512일
  ✅ [7/145] 076610(해성옵틱스) 512일
  ✅ [8/145] 018880(한온시스템) 512일
  ✅ [9/145] 264850(이랜시스) 512일
  ✅ [10/145] 396500(TIGER 반도체TOP10) 512일
  ✅ [11/145] 005930(삼성전자) 512일
  ✅ [12/145] 229000(젠큐릭스) 512일
  ✅ [13/145] 086960(MDS테크) 512일
  ✅ [14/145] 069500(KODEX 200) 512일
  ✅ [15/145] 223250(드림씨아이에스) 512일
  ✅ [16/145] 001440(대한전선) 512일
  ✅ [17/145] 122630(KODEX 레버리지) 512일
  ✅ [18/145] 229200(KODEX 코스닥150) 512일
  ✅ [19/145] 003470(유안타증권) 512일
  ✅ [20/145] 319400(현대무벡스) 512일
  ✅ [21/145] 006340(대원전선) 512일
  ✅ [22/145] 203650(드림시큐리티) 512일
  ✅ [23/145] 379800(KODEX 미국S&P500) 512일
  ✅ [24/145] 332570(PS일렉트로닉스) 512일
  ✅ [25/145] 360750(TIGER 미국S&P500) 512일
  ✅ [26/145] 001510(SK증권) 512일
  ✅ [27/145] 125490(한라캐스트) 115일
  ✅ [28/145] 253840(수젠텍) 512일
  ✅ [29/145] 439090(마녀공장) 571일
  ✅ [30/145] 010140(삼성중공업) 512일
  ✅ [31/145] 336570(원텍) 571일
  ✅ [32/145] 459510(나우로보틱스) 245일
  ✅ [33/145] 005380(현대차) 512일
  ✅ [34/145] 006800(미래에셋증권) 571일
  ⏭️ [35/145] 028050(삼성E&A) 스킵(571일)
  ⏭️ [36/145] 034020(두산에너빌리티) 스킵(571일)
  ✅ [37/145] 161000(애경케미칼) 571일
  ✅ [38/145] 003490(대한항공) 512일
  ✅ [39/145] 009900(명신산업) 571일
  ✅ [40/145] 000660(SK하이닉스) 512일
  ✅ [41/145] 336260(두산퓨얼셀) 571일
  ✅ [42/145] 454910(두산로보틱스) 571일
  ⏭️ [43/145] 035720(카카오) 스킵(571일)
  ✅ [44/145] 064400(LG씨엔에스) 307일
  ✅ [45/145] 006360(GS건설) 571일
  ✅ [46/145] 226320(잇츠한불) 571일
  ✅ [47/145] 000270(기아) 512일
  ✅ [48/145] 011790(SKC) 571일
  ✅ [49/145] 019170(신풍제약) 571일
  ✅ [50/145] 032500(케이엠더블유) 571일
  ✅ [51/145] 108860(셀바스AI) 571일
  ✅ [52/145] 093370(후성) 571일
  ✅ [53/145] 488280(에스투더블유) 152일
  ✅ [54/145] 011210(현대위아) 571일
  ✅ [55/145] 356680(엑스게이트) 571일
  ✅ [56/145] 086520(에코프로) 512일
  ✅ [57/145] 035420(NAVER) 512일
  ✅ [58/145] 051910(LG화학) 512일
  ⏭️ [59/145] 006400(삼성SDI) 스킵(450일)
  ⏭️ [60/145] 012450(한화에어로스페이스) 스킵(571일)
  ⏭️ [61/145] 047810(한국항공우주) 스킵(571일)
  ⏭️ [62/145] 064350(현대로템) 스킵(571일)
  ⏭️ [63/145] 009830(한화솔루션) 스킵(571일)
  ⏭️ [64/145] 034220(LG디스플레이) 스킵(571일)
  ⏭️ [65/145] 011200(HMM) 스킵(571일)
  ⏭️ [66/145] 015760(한국전력) 스킵(571일)
  ⏭️ [67/145] 028670(팬오션) 스킵(571일)
  ⏭️ [68/145] 047050(포스코인터내셔널) 스킵(571일)
  ⏭️ [69/145] 003670(포스코퓨처엠) 스킵(571일)
  ⏭️ [70/145] 055550(신한지주) 스킵(571일)
  ⏭️ [71/145] 105560(KB금융) 스킵(571일)
  ⏭️ [72/145] 138040(메리츠금융지주) 스킵(571일)
  ⏭️ [73/145] 316140(우리금융지주) 스킵(571일)
  ⏭️ [74/145] 024110(기업은행) 스킵(571일)
  ⏭️ [75/145] 323410(카카오뱅크) 스킵(571일)
  ⏭️ [76/145] 030200(KT) 스킵(571일)
  ⏭️ [77/145] 032640(LG유플러스) 스킵(571일)
  ⏭️ [78/145] 036460(한국가스공사) 스킵(571일)
  ⏭️ [79/145] 137310(에스디바이오센서) 스킵(571일)
  ⏭️ [80/145] 207940(삼성바이오로직스) 스킵(571일)
  ⏭️ [81/145] 068270(셀트리온) 스킵(571일)
  ⏭️ [82/145] 000100(유한양행) 스킵(571일)
  ⏭️ [83/145] 326030(SK바이오팜) 스킵(571일)
  ⏭️ [84/145] 011070(LG이노텍) 스킵(571일)
  ⏭️ [85/145] 066570(LG전자) 스킵(571일)
  ⏭️ [86/145] 096770(SK이노베이션) 스킵(571일)
  ✅ [87/145] 009150(삼성전기) 269일
  ✅ [88/145] 018260(삼성에스디에스) 512일
  ✅ [89/145] 010950(S-Oil) 512일
  ✅ [90/145] 017670(SK텔레콤) 512일
  ✅ [91/145] 030000(제일기획) 512일
  ✅ [92/145] 086790(하나금융지주) 512일
  ✅ [93/145] 039490(키움증권) 512일
  ✅ [94/145] 251270(넷마블) 512일
  ✅ [95/145] 036570(엔씨소프트) 512일
  ✅ [96/145] 259960(크래프톤) 512일
  ✅ [97/145] 112610(씨에스윈드) 512일
  ✅ [98/145] 247540(에코프로비엠) 451일
  ✅ [99/145] 196170(알테오젠) 512일
  ✅ [100/145] 091990(셀트리온헬스케어) 8일
  ✅ [101/145] 041510(에스엠) 451일
  ✅ [102/145] 035900(JYP Ent.) 512일
  ✅ [103/145] 122870(와이지엔터테인먼트) 512일
  ✅ [104/145] 018290(레이) 512일
  ✅ [105/145] 039030(이오테크닉스) 512일
  ✅ [106/145] 060310(3S) 512일
  ✅ [107/145] 357780(솔브레인) 512일
  ✅ [108/145] 108320(LX세미콘) 512일
  ✅ [109/145] 240810(원익IPS) 512일
  ✅ [110/145] 036810(에프에스티) 512일
  ✅ [111/145] 403870(HPSP) 512일
  ✅ [112/145] 214150(클래시스) 512일
  ✅ [113/145] 009420(한올바이오파마) 512일
  ✅ [114/145] 145020(휴젤) 512일
  ✅ [115/145] 041960(블리자드코리아) 512일
  ✅ [116/145] 263720(디앤씨미디어) 512일
  ✅ [117/145] 058470(리노공업) 512일
  ✅ [118/145] 054040(한국컴퓨터) 512일
  ✅ [119/145] 031430(신성통상) 512일
  ✅ [120/145] 095660(네오위즈) 512일
  ✅ [121/145] 293490(카카오게임즈) 512일
  ✅ [122/145] 112040(위메이드) 512일
  ⚠️ [123/145] 014930(성문전자) 0일
  ✅ [124/145] 066900(디피씨) 571일
  ✅ [125/145] 950140(잉글우드랩) 450일
  ✅ [126/145] 044180(KBI메탈) 507일
  ✅ [127/145] 041920(메디아나) 571일
  ✅ [128/145] 048830(메디오젠) 571일
  ✅ [129/145] 065130(탑엔지니어링) 571일
  ✅ [130/145] 104480(티케이케미칼) 571일
  ✅ [131/145] 950130(엑세스바이오) 571일
  ✅ [132/145] 950160(코오롱티슈진) 571일
  ✅ [133/145] 053800(안랩) 571일
  ✅ [134/145] 079940(가비아) 571일
  ✅ [135/145] 030520(한글과컴퓨터) 571일
  ✅ [136/145] 060250(NHN KCP) 571일
  ✅ [137/145] 035600(KG이니시스) 571일
  ✅ [138/145] 140860(파크시스템스) 571일
  ✅ [139/145] 039440(에스티아이) 571일
  ✅ [140/145] 079550(LIG넥스원) 571일
  ✅ [141/145] 237690(에스티팜) 571일
  ✅ [142/145] 298040(효성중공업) 571일
  ✅ [143/145] 298000(효성티앤씨) 571일
  ✅ [144/145] 096530(씨젠) 571일
  ✅ [145/145] 206650(엔케이맥스) 571일

🎉 수집 완료! 종목:144개 | 총:80,134일
