
🔍 MBN골드 추천 종목 크롤링 시작 [14:30:02]
📰 MBN골드 오늘 뉴스 상위 4건 (limit=4)
  📌 05849279&news_service_id=10020 → 1종목 파싱
  💾 1건 저장 완료
  📌 05849278&news_service_id=10020 → 1종목 파싱
  💾 1건 저장 완료
  📌 05849277&news_service_id=10020 → 1종목 파싱
  💾 1건 저장 완료
  📌 05849275&news_service_id=10020 → 1종목 파싱
  💾 1건 저장 완료
✅ MBN골드 크롤링 완료: 4개 추천 종목 저장


📋 오늘의 전문가 추천 종목 (4개):
  000270(기아) 매수:166,400 목표:183,500 손절:135,000 []
  034220(LG디스플레이) 매수:16,630 목표:18,350 손절:13,350 []
  049070(인탑스) 매수:19,580 목표:22,000 손절:16,000 []
  061090(세나테크놀로지) 매수:50,800 목표:57,500 손절:38,000 []

🔍 MBN골드 추천 종목 크롤링 시작 [14:30:01]
📰 MBN골드 오늘 뉴스 상위 4건 (limit=4)
  📌 05850701&news_service_id=10020 → 1종목 파싱
  💾 1건 저장 완료
  📌 05850700&news_service_id=10020 → 1종목 파싱
  💾 1건 저장 완료
  📌 05850699&news_service_id=10020 → 1종목 파싱
  💾 1건 저장 완료
  📌 05850698&news_service_id=10020 → 1종목 파싱
  💾 1건 저장 완료
✅ MBN골드 크롤링 완료: 4개 추천 종목 저장


📋 오늘의 전문가 추천 종목 (8개):
  005160(동진쎄미켐) 매수:59,900 목표:66,000 손절:48,000 []
  032500(더블유) 매수:37,250 목표:42,000 손절:33,500 []
  230240(에치에프알) 매수:34,000 목표:38,000 손절:27,000 []
  307180(아이엘) 매수:0 목표:0 손절:0 []
  000270(기아) 매수:166,400 목표:183,500 손절:135,000 []
  034220(LG디스플레이) 매수:16,630 목표:18,350 손절:13,350 []
  049070(인탑스) 매수:19,580 목표:22,000 손절:16,000 []
  061090(세나테크놀로지) 매수:50,800 목표:57,500 손절:38,000 []
